1519075438888	geckodriver	INFO	geckodriver 0.19.1
1519075438910	geckodriver	INFO	Listening on 127.0.0.1:50808
1519075443602	mozrunner::runner	INFO	Running command: "C:\\Program Files (x86)\\Mozilla Firefox\\firefox.exe" "-marionette" "-profile" "C:\\Users\\Tanvish\\AppData\\Local\\Temp\\rust_mozprofile.tA0nf2DycmlA"
1519075445014	addons.manager	DEBUG	Application has been upgraded
1519075445128	addons.manager	DEBUG	Loaded provider scope for resource://gre/modules/addons/XPIProvider.jsm: ["XPIProvider", "XPIInternal"]
1519075445133	addons.manager	DEBUG	Loaded provider scope for resource://gre/modules/LightweightThemeManager.jsm: ["LightweightThemeManager"]
1519075445237	addons.manager	DEBUG	Loaded provider scope for resource://gre/modules/addons/GMPProvider.jsm
1519075445243	addons.manager	DEBUG	Loaded provider scope for resource://gre/modules/addons/PluginProvider.jsm
1519075445244	addons.manager	DEBUG	Starting provider: XPIProvider
1519075445245	addons.xpi	DEBUG	startup
1519075445246	addons.xpi	INFO	SystemAddonInstallLocation directory is missing
1519075445246	addons.xpi	INFO	Removing all system add-on upgrades.
1519075445248	addons.xpi	DEBUG	checkForChanges
1519075445249	addons.xpi	DEBUG	Loaded add-on state: ${}
1519075445251	addons.xpi	INFO	Mapping activity-stream@mozilla.org to C:\Program Files (x86)\Mozilla Firefox\browser\features\activity-stream@mozilla.org.xpi
1519075445252	addons.xpi	INFO	Mapping aushelper@mozilla.org to C:\Program Files (x86)\Mozilla Firefox\browser\features\aushelper@mozilla.org.xpi
1519075445252	addons.xpi	INFO	Mapping firefox@getpocket.com to C:\Program Files (x86)\Mozilla Firefox\browser\features\firefox@getpocket.com.xpi
1519075445253	addons.xpi	INFO	Mapping followonsearch@mozilla.com to C:\Program Files (x86)\Mozilla Firefox\browser\features\followonsearch@mozilla.com.xpi
1519075445253	addons.xpi	INFO	Mapping formautofill@mozilla.org to C:\Program Files (x86)\Mozilla Firefox\browser\features\formautofill@mozilla.org.xpi
1519075445253	addons.xpi	INFO	Mapping onboarding@mozilla.org to C:\Program Files (x86)\Mozilla Firefox\browser\features\onboarding@mozilla.org.xpi
1519075445253	addons.xpi	INFO	Mapping screenshots@mozilla.org to C:\Program Files (x86)\Mozilla Firefox\browser\features\screenshots@mozilla.org.xpi
1519075445254	addons.xpi	INFO	Mapping shield-recipe-client@mozilla.org to C:\Program Files (x86)\Mozilla Firefox\browser\features\shield-recipe-client@mozilla.org.xpi
1519075445254	addons.xpi	INFO	Mapping webcompat@mozilla.org to C:\Program Files (x86)\Mozilla Firefox\browser\features\webcompat@mozilla.org.xpi
1519075445255	addons.xpi	DEBUG	New add-on activity-stream@mozilla.org in app-system-defaults
1519075445258	addons.xpi	INFO	Mapping activity-stream@mozilla.org to C:\Program Files (x86)\Mozilla Firefox\browser\features\activity-stream@mozilla.org.xpi
1519075445260	addons.xpi	DEBUG	New add-on aushelper@mozilla.org in app-system-defaults
1519075445261	addons.xpi	INFO	Mapping aushelper@mozilla.org to C:\Program Files (x86)\Mozilla Firefox\browser\features\aushelper@mozilla.org.xpi
1519075445262	addons.xpi	DEBUG	New add-on firefox@getpocket.com in app-system-defaults
1519075445263	addons.xpi	INFO	Mapping firefox@getpocket.com to C:\Program Files (x86)\Mozilla Firefox\browser\features\firefox@getpocket.com.xpi
1519075445263	addons.xpi	DEBUG	New add-on followonsearch@mozilla.com in app-system-defaults
1519075445264	addons.xpi	INFO	Mapping followonsearch@mozilla.com to C:\Program Files (x86)\Mozilla Firefox\browser\features\followonsearch@mozilla.com.xpi
1519075445264	addons.xpi	DEBUG	New add-on formautofill@mozilla.org in app-system-defaults
1519075445265	addons.xpi	INFO	Mapping formautofill@mozilla.org to C:\Program Files (x86)\Mozilla Firefox\browser\features\formautofill@mozilla.org.xpi
1519075445266	addons.xpi	DEBUG	New add-on onboarding@mozilla.org in app-system-defaults
1519075445266	addons.xpi	INFO	Mapping onboarding@mozilla.org to C:\Program Files (x86)\Mozilla Firefox\browser\features\onboarding@mozilla.org.xpi
1519075445267	addons.xpi	DEBUG	New add-on screenshots@mozilla.org in app-system-defaults
1519075445267	addons.xpi	INFO	Mapping screenshots@mozilla.org to C:\Program Files (x86)\Mozilla Firefox\browser\features\screenshots@mozilla.org.xpi
1519075445268	addons.xpi	DEBUG	New add-on shield-recipe-client@mozilla.org in app-system-defaults
1519075445268	addons.xpi	INFO	Mapping shield-recipe-client@mozilla.org to C:\Program Files (x86)\Mozilla Firefox\browser\features\shield-recipe-client@mozilla.org.xpi
1519075445269	addons.xpi	DEBUG	New add-on webcompat@mozilla.org in app-system-defaults
1519075445269	addons.xpi	INFO	Mapping webcompat@mozilla.org to C:\Program Files (x86)\Mozilla Firefox\browser\features\webcompat@mozilla.org.xpi
1519075445271	addons.xpi	INFO	Mapping {972ce4c6-7e08-4474-a285-3208198ce6fd} to C:\Program Files (x86)\Mozilla Firefox\browser\extensions\{972ce4c6-7e08-4474-a285-3208198ce6fd}.xpi
1519075445271	addons.xpi	DEBUG	New add-on {972ce4c6-7e08-4474-a285-3208198ce6fd} in app-global
1519075445272	addons.xpi	INFO	Mapping {972ce4c6-7e08-4474-a285-3208198ce6fd} to C:\Program Files (x86)\Mozilla Firefox\browser\extensions\{972ce4c6-7e08-4474-a285-3208198ce6fd}.xpi
1519075445273	addons.xpi	DEBUG	getInstallState changed: true, state: {}
1519075445274	addons.xpi	INFO	SystemAddonInstallLocation directory is missing
1519075445287	addons.xpi-utils	DEBUG	Opening XPI database C:\Users\Tanvish\AppData\Local\Temp\rust_mozprofile.tA0nf2DycmlA\extensions.json
1519075445291	addons.xpi-utils	DEBUG	New add-on activity-stream@mozilla.org installed in app-system-defaults
*** Blocklist::_loadBlocklistFromFile: blocklist is disabled
1519075445475	addons.xpi-utils	DEBUG	New add-on aushelper@mozilla.org installed in app-system-defaults
1519075445491	addons.xpi-utils	DEBUG	New add-on firefox@getpocket.com installed in app-system-defaults
1519075445501	addons.xpi-utils	DEBUG	New add-on followonsearch@mozilla.com installed in app-system-defaults
1519075445511	addons.xpi-utils	DEBUG	New add-on formautofill@mozilla.org installed in app-system-defaults
1519075445519	addons.xpi-utils	DEBUG	New add-on onboarding@mozilla.org installed in app-system-defaults
1519075445529	addons.xpi-utils	DEBUG	New add-on screenshots@mozilla.org installed in app-system-defaults
1519075445543	addons.xpi-utils	DEBUG	New add-on shield-recipe-client@mozilla.org installed in app-system-defaults
1519075445551	addons.xpi-utils	DEBUG	New add-on webcompat@mozilla.org installed in app-system-defaults
1519075445582	addons.xpi-utils	DEBUG	New add-on {972ce4c6-7e08-4474-a285-3208198ce6fd} installed in app-global
1519075445592	addons.manager	DEBUG	Registering startup change 'installed' for activity-stream@mozilla.org
1519075445608	addons.xpi	DEBUG	Loading bootstrap scope from C:\Program Files (x86)\Mozilla Firefox\browser\features\activity-stream@mozilla.org.xpi
1519075445624	addons.xpi	DEBUG	Calling bootstrap method install on activity-stream@mozilla.org version 2018.01.04.0062-4997c81d
1519075445625	addons.xpi-utils	DEBUG	Make addon app-system-defaults:activity-stream@mozilla.org visible
1519075445626	addons.xpi	DEBUG	Updating XPIState for {"id":"activity-stream@mozilla.org","syncGUID":"{9b4f443b-83ea-4de8-8539-1d5c8ec8b853}","location":"app-system-defaults","version":"2018.01.04.0062-4997c81d","type":"extension","internalName":null,"updateURL":null,"updateKey":null,"optionsURL":null,"optionsType":null,"aboutURL":null,"defaultLocale":{"name":"Activity Stream","description":"A rich visual history feed and a reimagined home page make it easier than ever to find exactly what you're looking for in Firefox.","creator":null,"homepageURL":null},"visible":true,"active":false,"userDisabled":false,"appDisabled":false,"installDate":1518642970335,"updateDate":1518642970335,"applyBackgroundUpdates":1,"bootstrap":true,"path":"C:\\Program Files (x86)\\Mozilla Firefox\\browser\\features\\activity-stream@mozilla.org.xpi","skinnable":false,"size":2644154,"sourceURI":null,"releaseNotesURI":null,"softDisabled":false,"foreignInstall":false,"hasBinaryComponents":false,"strictCompatibility":false,"locales":[],"targetApplications":[{"id":"{ec8030f7-c20a-464f-9b0e-13a3a9e97384}","minVersion":"58.0.2","maxVersion":"58.*"}],"targetPlatforms":[],"multiprocessCompatible":true,"seen":true,"dependencies":[],"hasEmbeddedWebExtension":false,"mpcOptedOut":false,"userPermissions":null,"icons":{},"iconURL":null,"icon64URL":null,"blocklistState":0,"blocklistURL":null,"startupData":null}
1519075445631	addons.manager	DEBUG	Registering startup change 'installed' for aushelper@mozilla.org
1519075445633	addons.xpi	DEBUG	Loading bootstrap scope from C:\Program Files (x86)\Mozilla Firefox\browser\features\aushelper@mozilla.org.xpi
1519075445638	addons.xpi	DEBUG	Calling bootstrap method install on aushelper@mozilla.org version 2.0
1519075445639	addons.xpi-utils	DEBUG	Make addon app-system-defaults:aushelper@mozilla.org visible
1519075445639	addons.xpi	DEBUG	Updating XPIState for {"id":"aushelper@mozilla.org","syncGUID":"{f8edf1c5-5741-4517-beca-2e98a34c1c6b}","location":"app-system-defaults","version":"2.0","type":"extension","internalName":null,"updateURL":null,"updateKey":null,"optionsURL":null,"optionsType":null,"aboutURL":null,"defaultLocale":{"name":"Application Update Service Helper","description":"Sets value(s) in the update url based on custom checks.","creator":null,"homepageURL":null},"visible":true,"active":false,"userDisabled":false,"appDisabled":false,"installDate":1518642970197,"updateDate":1518642970197,"applyBackgroundUpdates":1,"bootstrap":true,"path":"C:\\Program Files (x86)\\Mozilla Firefox\\browser\\features\\aushelper@mozilla.org.xpi","skinnable":false,"size":8488,"sourceURI":null,"releaseNotesURI":null,"softDisabled":false,"foreignInstall":false,"hasBinaryComponents":false,"strictCompatibility":false,"locales":[],"targetApplications":[{"id":"{ec8030f7-c20a-464f-9b0e-13a3a9e97384}","minVersion":"58.0.2","maxVersion":"58.*"}],"targetPlatforms":[],"multiprocessCompatible":true,"seen":true,"dependencies":[],"hasEmbeddedWebExtension":false,"mpcOptedOut":false,"userPermissions":null,"icons":{},"iconURL":null,"icon64URL":null,"blocklistState":0,"blocklistURL":null,"startupData":null}
1519075445639	addons.manager	DEBUG	Registering startup change 'installed' for firefox@getpocket.com
1519075445640	addons.xpi	DEBUG	Loading bootstrap scope from C:\Program Files (x86)\Mozilla Firefox\browser\features\firefox@getpocket.com.xpi
1519075445653	addons.xpi	DEBUG	Calling bootstrap method install on firefox@getpocket.com version 1.0.5
1519075445653	addons.xpi-utils	DEBUG	Make addon app-system-defaults:firefox@getpocket.com visible
1519075445654	addons.xpi	DEBUG	Updating XPIState for {"id":"firefox@getpocket.com","syncGUID":"{f2f38fa8-9d7b-40b2-a406-46bad5b1aaf5}","location":"app-system-defaults","version":"1.0.5","type":"extension","internalName":null,"updateURL":null,"updateKey":null,"optionsURL":null,"optionsType":null,"aboutURL":null,"defaultLocale":{"name":"Pocket","description":"When you find something you want to view later, put it in Pocket.","creator":null,"homepageURL":null},"visible":true,"active":false,"userDisabled":false,"appDisabled":false,"installDate":1518642970134,"updateDate":1518642970134,"applyBackgroundUpdates":1,"bootstrap":true,"path":"C:\\Program Files (x86)\\Mozilla Firefox\\browser\\features\\firefox@getpocket.com.xpi","skinnable":false,"size":916733,"sourceURI":null,"releaseNotesURI":null,"softDisabled":false,"foreignInstall":false,"hasBinaryComponents":false,"strictCompatibility":false,"locales":[],"targetApplications":[{"id":"{ec8030f7-c20a-464f-9b0e-13a3a9e97384}","minVersion":"58.0.2","maxVersion":"58.*"}],"targetPlatforms":[],"multiprocessCompatible":true,"seen":true,"dependencies":[],"hasEmbeddedWebExtension":false,"mpcOptedOut":false,"userPermissions":null,"icons":{},"iconURL":null,"icon64URL":null,"blocklistState":0,"blocklistURL":null,"startupData":null}
1519075445654	addons.manager	DEBUG	Registering startup change 'installed' for followonsearch@mozilla.com
1519075445655	addons.xpi	DEBUG	Loading bootstrap scope from C:\Program Files (x86)\Mozilla Firefox\browser\features\followonsearch@mozilla.com.xpi
1519075445659	addons.xpi	DEBUG	Calling bootstrap method install on followonsearch@mozilla.com version 0.9.6
1519075445659	addons.xpi-utils	DEBUG	Make addon app-system-defaults:followonsearch@mozilla.com visible
1519075445660	addons.xpi	DEBUG	Updating XPIState for {"id":"followonsearch@mozilla.com","syncGUID":"{34e108bd-336d-4213-9f8a-6ac6647631a4}","location":"app-system-defaults","version":"0.9.6","type":"extension","internalName":null,"updateURL":null,"updateKey":null,"optionsURL":null,"optionsType":null,"aboutURL":null,"defaultLocale":{"name":"Follow-on Search Telemetry","description":null,"creator":null,"homepageURL":null},"visible":true,"active":false,"userDisabled":false,"appDisabled":false,"installDate":1518267126526,"updateDate":1518267126526,"applyBackgroundUpdates":1,"bootstrap":true,"path":"C:\\Program Files (x86)\\Mozilla Firefox\\browser\\features\\followonsearch@mozilla.com.xpi","skinnable":false,"size":18625,"sourceURI":null,"releaseNotesURI":null,"softDisabled":false,"foreignInstall":false,"hasBinaryComponents":false,"strictCompatibility":false,"locales":[],"targetApplications":[{"id":"{ec8030f7-c20a-464f-9b0e-13a3a9e97384}","minVersion":"52.0","maxVersion":"59.*"}],"targetPlatforms":[],"multiprocessCompatible":true,"seen":true,"dependencies":[],"hasEmbeddedWebExtension":false,"mpcOptedOut":false,"userPermissions":null,"icons":{},"iconURL":null,"icon64URL":null,"blocklistState":0,"blocklistURL":null,"startupData":null}
1519075445660	addons.manager	DEBUG	Registering startup change 'installed' for formautofill@mozilla.org
1519075445661	addons.xpi	DEBUG	Loading bootstrap scope from C:\Program Files (x86)\Mozilla Firefox\browser\features\formautofill@mozilla.org.xpi
1519075445665	addons.xpi	DEBUG	Calling bootstrap method install on formautofill@mozilla.org version 1.0
1519075445665	addons.xpi-utils	DEBUG	Make addon app-system-defaults:formautofill@mozilla.org visible
1519075445665	addons.xpi	DEBUG	Updating XPIState for {"id":"formautofill@mozilla.org","syncGUID":"{756267e5-026a-4271-83bd-e421a4330d68}","location":"app-system-defaults","version":"1.0","type":"extension","internalName":null,"updateURL":null,"updateKey":null,"optionsURL":null,"optionsType":null,"aboutURL":null,"defaultLocale":{"name":"Form Autofill","description":"Autofill forms with saved profiles","creator":null,"homepageURL":null},"visible":true,"active":false,"userDisabled":false,"appDisabled":false,"installDate":1518642970050,"updateDate":1518642970050,"applyBackgroundUpdates":1,"bootstrap":true,"path":"C:\\Program Files (x86)\\Mozilla Firefox\\browser\\features\\formautofill@mozilla.org.xpi","skinnable":false,"size":418452,"sourceURI":null,"releaseNotesURI":null,"softDisabled":false,"foreignInstall":false,"hasBinaryComponents":false,"strictCompatibility":false,"locales":[],"targetApplications":[{"id":"{ec8030f7-c20a-464f-9b0e-13a3a9e97384}","minVersion":"58.0.2","maxVersion":"58.*"}],"targetPlatforms":[],"multiprocessCompatible":true,"seen":true,"dependencies":[],"hasEmbeddedWebExtension":false,"mpcOptedOut":false,"userPermissions":null,"icons":{},"iconURL":null,"icon64URL":null,"blocklistState":0,"blocklistURL":null,"startupData":null}
1519075445666	addons.manager	DEBUG	Registering startup change 'installed' for onboarding@mozilla.org
1519075445667	addons.xpi	DEBUG	Loading bootstrap scope from C:\Program Files (x86)\Mozilla Firefox\browser\features\onboarding@mozilla.org.xpi
1519075445672	addons.xpi	DEBUG	Calling bootstrap method install on onboarding@mozilla.org version 1.0
1519075445672	addons.xpi-utils	DEBUG	Make addon app-system-defaults:onboarding@mozilla.org visible
1519075445672	addons.xpi	DEBUG	Updating XPIState for {"id":"onboarding@mozilla.org","syncGUID":"{299a1bcd-be24-4b82-9c9c-be456edd1ebd}","location":"app-system-defaults","version":"1.0","type":"extension","internalName":null,"updateURL":null,"updateKey":null,"optionsURL":null,"optionsType":null,"aboutURL":null,"defaultLocale":{"name":"Photon onboarding","description":"Photon onboarding","creator":null,"homepageURL":null},"visible":true,"active":false,"userDisabled":false,"appDisabled":false,"installDate":1518642969981,"updateDate":1518642969981,"applyBackgroundUpdates":1,"bootstrap":true,"path":"C:\\Program Files (x86)\\Mozilla Firefox\\browser\\features\\onboarding@mozilla.org.xpi","skinnable":false,"size":541753,"sourceURI":null,"releaseNotesURI":null,"softDisabled":false,"foreignInstall":false,"hasBinaryComponents":false,"strictCompatibility":false,"locales":[],"targetApplications":[{"id":"{ec8030f7-c20a-464f-9b0e-13a3a9e97384}","minVersion":"58.0.2","maxVersion":"58.*"}],"targetPlatforms":[],"multiprocessCompatible":true,"seen":true,"dependencies":[],"hasEmbeddedWebExtension":false,"mpcOptedOut":false,"userPermissions":null,"icons":{},"iconURL":null,"icon64URL":null,"blocklistState":0,"blocklistURL":null,"startupData":null}
1519075445673	addons.manager	DEBUG	Registering startup change 'installed' for screenshots@mozilla.org
1519075445673	addons.xpi	DEBUG	Loading bootstrap scope from C:\Program Files (x86)\Mozilla Firefox\browser\features\screenshots@mozilla.org.xpi
1519075445679	addons.xpi	DEBUG	Calling bootstrap method install on screenshots@mozilla.org version 25.0.0
1519075445679	addons.xpi-utils	DEBUG	Make addon app-system-defaults:screenshots@mozilla.org visible
1519075445680	addons.xpi	DEBUG	Updating XPIState for {"id":"screenshots@mozilla.org","syncGUID":"{b7168471-d7cf-4571-a5ea-f4709a018750}","location":"app-system-defaults","version":"25.0.0","type":"extension","internalName":null,"updateURL":null,"updateKey":null,"optionsURL":null,"optionsType":null,"aboutURL":null,"defaultLocale":{"name":"Firefox Screenshots","description":null,"creator":null,"homepageURL":"https://screenshots.firefox.com/"},"visible":true,"active":false,"userDisabled":false,"appDisabled":false,"installDate":1518267126437,"updateDate":1518267126437,"applyBackgroundUpdates":1,"bootstrap":true,"path":"C:\\Program Files (x86)\\Mozilla Firefox\\browser\\features\\screenshots@mozilla.org.xpi","skinnable":false,"size":994512,"sourceURI":null,"releaseNotesURI":null,"softDisabled":false,"foreignInstall":false,"hasBinaryComponents":false,"strictCompatibility":false,"locales":[],"targetApplications":[{"id":"{ec8030f7-c20a-464f-9b0e-13a3a9e97384}","minVersion":"57.0a1","maxVersion":"*"}],"targetPlatforms":[],"multiprocessCompatible":true,"seen":true,"dependencies":[],"hasEmbeddedWebExtension":false,"mpcOptedOut":false,"userPermissions":null,"icons":{},"iconURL":null,"icon64URL":null,"blocklistState":0,"blocklistURL":null,"startupData":null}
1519075445680	addons.manager	DEBUG	Registering startup change 'installed' for shield-recipe-client@mozilla.org
1519075445681	addons.xpi	DEBUG	Loading bootstrap scope from C:\Program Files (x86)\Mozilla Firefox\browser\features\shield-recipe-client@mozilla.org.xpi
1519075445686	addons.xpi	DEBUG	Calling bootstrap method install on shield-recipe-client@mozilla.org version 76.1
1519075445686	addons.xpi-utils	DEBUG	Make addon app-system-defaults:shield-recipe-client@mozilla.org visible
1519075445687	addons.xpi	DEBUG	Updating XPIState for {"id":"shield-recipe-client@mozilla.org","syncGUID":"{2bd4464f-82bf-43e9-be90-9685e74809b5}","location":"app-system-defaults","version":"76.1","type":"extension","internalName":null,"updateURL":null,"updateKey":null,"optionsURL":null,"optionsType":null,"aboutURL":null,"defaultLocale":{"name":"Shield Recipe Client","description":"Client to download and run recipes for SHIELD, Heartbeat, etc.","creator":null,"homepageURL":null},"visible":true,"active":false,"userDisabled":false,"appDisabled":false,"installDate":1518642969918,"updateDate":1518642969918,"applyBackgroundUpdates":1,"bootstrap":true,"path":"C:\\Program Files (x86)\\Mozilla Firefox\\browser\\features\\shield-recipe-client@mozilla.org.xpi","skinnable":false,"size":364001,"sourceURI":null,"releaseNotesURI":null,"softDisabled":false,"foreignInstall":false,"hasBinaryComponents":false,"strictCompatibility":false,"locales":[],"targetApplications":[{"id":"{ec8030f7-c20a-464f-9b0e-13a3a9e97384}","minVersion":"58.0.2","maxVersion":"58.*"}],"targetPlatforms":[],"multiprocessCompatible":true,"seen":true,"dependencies":[],"hasEmbeddedWebExtension":false,"mpcOptedOut":false,"userPermissions":null,"icons":{},"iconURL":null,"icon64URL":null,"blocklistState":0,"blocklistURL":null,"startupData":null}
1519075445687	addons.manager	DEBUG	Registering startup change 'installed' for webcompat@mozilla.org
1519075445688	addons.xpi	DEBUG	Loading bootstrap scope from C:\Program Files (x86)\Mozilla Firefox\browser\features\webcompat@mozilla.org.xpi
1519075445691	addons.xpi	DEBUG	Calling bootstrap method install on webcompat@mozilla.org version 1.1
1519075445692	addons.xpi-utils	DEBUG	Make addon app-system-defaults:webcompat@mozilla.org visible
1519075445692	addons.xpi	DEBUG	Updating XPIState for {"id":"webcompat@mozilla.org","syncGUID":"{d7205861-0f07-4ccd-93ad-a82b1d7a2a24}","location":"app-system-defaults","version":"1.1","type":"extension","internalName":null,"updateURL":null,"updateKey":null,"optionsURL":null,"optionsType":null,"aboutURL":null,"defaultLocale":{"name":"Web Compat","description":"Urgent post-release fixes for web compatibility.","creator":null,"homepageURL":null},"visible":true,"active":false,"userDisabled":false,"appDisabled":false,"installDate":1518642969881,"updateDate":1518642969881,"applyBackgroundUpdates":1,"bootstrap":true,"path":"C:\\Program Files (x86)\\Mozilla Firefox\\browser\\features\\webcompat@mozilla.org.xpi","skinnable":false,"size":9268,"sourceURI":null,"releaseNotesURI":null,"softDisabled":false,"foreignInstall":false,"hasBinaryComponents":false,"strictCompatibility":false,"locales":[],"targetApplications":[{"id":"{ec8030f7-c20a-464f-9b0e-13a3a9e97384}","minVersion":"58.0.2","maxVersion":"58.*"}],"targetPlatforms":[],"multiprocessCompatible":true,"seen":true,"dependencies":[],"hasEmbeddedWebExtension":false,"mpcOptedOut":false,"userPermissions":null,"icons":{},"iconURL":null,"icon64URL":null,"blocklistState":0,"blocklistURL":null,"startupData":null}
1519075445693	addons.xpi-utils	DEBUG	Make addon app-global:{972ce4c6-7e08-4474-a285-3208198ce6fd} visible
1519075445693	addons.xpi	DEBUG	Updating XPIState for {"id":"{972ce4c6-7e08-4474-a285-3208198ce6fd}","syncGUID":"{38f2577f-80f4-4560-a12b-2f14ecdc604f}","location":"app-global","version":"58.0.2","type":"theme","internalName":"classic/1.0","updateURL":null,"updateKey":null,"optionsURL":null,"optionsType":null,"optionsBrowserStyle":null,"aboutURL":null,"defaultLocale":{"name":"Default","description":"The default theme.","creator":"Mozilla","homepageURL":null,"contributors":["Mozilla Contributors"]},"visible":true,"active":false,"userDisabled":false,"appDisabled":false,"installDate":1518642970398,"updateDate":1518642970398,"applyBackgroundUpdates":1,"path":"C:\\Program Files (x86)\\Mozilla Firefox\\browser\\extensions\\{972ce4c6-7e08-4474-a285-3208198ce6fd}.xpi","skinnable":true,"size":3206,"sourceURI":null,"releaseNotesURI":null,"softDisabled":false,"foreignInstall":false,"hasBinaryComponents":false,"strictCompatibility":true,"locales":[],"targetApplications":[{"id":"{ec8030f7-c20a-464f-9b0e-13a3a9e97384}","minVersion":"58.0.2","maxVersion":"58.0.2"}],"targetPlatforms":[],"seen":true,"dependencies":[],"hasEmbeddedWebExtension":false,"userPermissions":null,"icons":{},"iconURL":"chrome://browser/content/default-theme-icon.svg","icon64URL":null,"blocklistState":0,"blocklistURL":null,"startupData":null}
1519075445694	addons.xpi	DEBUG	Updating XPIState for {"id":"activity-stream@mozilla.org","syncGUID":"{9b4f443b-83ea-4de8-8539-1d5c8ec8b853}","location":"app-system-defaults","version":"2018.01.04.0062-4997c81d","type":"extension","internalName":null,"updateURL":null,"updateKey":null,"optionsURL":null,"optionsType":null,"aboutURL":null,"defaultLocale":{"name":"Activity Stream","description":"A rich visual history feed and a reimagined home page make it easier than ever to find exactly what you're looking for in Firefox.","creator":null,"homepageURL":null},"visible":true,"active":true,"userDisabled":false,"appDisabled":false,"installDate":1518642970335,"updateDate":1518642970335,"applyBackgroundUpdates":1,"bootstrap":true,"path":"C:\\Program Files (x86)\\Mozilla Firefox\\browser\\features\\activity-stream@mozilla.org.xpi","skinnable":false,"size":2644154,"sourceURI":null,"releaseNotesURI":null,"softDisabled":false,"foreignInstall":false,"hasBinaryComponents":false,"strictCompatibility":false,"locales":[],"targetApplications":[{"id":"{ec8030f7-c20a-464f-9b0e-13a3a9e97384}","minVersion":"58.0.2","maxVersion":"58.*"}],"targetPlatforms":[],"multiprocessCompatible":true,"seen":true,"dependencies":[],"hasEmbeddedWebExtension":false,"mpcOptedOut":false,"userPermissions":null,"icons":{},"iconURL":null,"icon64URL":null,"blocklistState":0,"blocklistURL":null,"startupData":null}
1519075445695	addons.xpi	DEBUG	Updating XPIState for {"id":"aushelper@mozilla.org","syncGUID":"{f8edf1c5-5741-4517-beca-2e98a34c1c6b}","location":"app-system-defaults","version":"2.0","type":"extension","internalName":null,"updateURL":null,"updateKey":null,"optionsURL":null,"optionsType":null,"aboutURL":null,"defaultLocale":{"name":"Application Update Service Helper","description":"Sets value(s) in the update url based on custom checks.","creator":null,"homepageURL":null},"visible":true,"active":true,"userDisabled":false,"appDisabled":false,"installDate":1518642970197,"updateDate":1518642970197,"applyBackgroundUpdates":1,"bootstrap":true,"path":"C:\\Program Files (x86)\\Mozilla Firefox\\browser\\features\\aushelper@mozilla.org.xpi","skinnable":false,"size":8488,"sourceURI":null,"releaseNotesURI":null,"softDisabled":false,"foreignInstall":false,"hasBinaryComponents":false,"strictCompatibility":false,"locales":[],"targetApplications":[{"id":"{ec8030f7-c20a-464f-9b0e-13a3a9e97384}","minVersion":"58.0.2","maxVersion":"58.*"}],"targetPlatforms":[],"multiprocessCompatible":true,"seen":true,"dependencies":[],"hasEmbeddedWebExtension":false,"mpcOptedOut":false,"userPermissions":null,"icons":{},"iconURL":null,"icon64URL":null,"blocklistState":0,"blocklistURL":null,"startupData":null}
1519075445696	addons.xpi	DEBUG	Updating XPIState for {"id":"firefox@getpocket.com","syncGUID":"{f2f38fa8-9d7b-40b2-a406-46bad5b1aaf5}","location":"app-system-defaults","version":"1.0.5","type":"extension","internalName":null,"updateURL":null,"updateKey":null,"optionsURL":null,"optionsType":null,"aboutURL":null,"defaultLocale":{"name":"Pocket","description":"When you find something you want to view later, put it in Pocket.","creator":null,"homepageURL":null},"visible":true,"active":true,"userDisabled":false,"appDisabled":false,"installDate":1518642970134,"updateDate":1518642970134,"applyBackgroundUpdates":1,"bootstrap":true,"path":"C:\\Program Files (x86)\\Mozilla Firefox\\browser\\features\\firefox@getpocket.com.xpi","skinnable":false,"size":916733,"sourceURI":null,"releaseNotesURI":null,"softDisabled":false,"foreignInstall":false,"hasBinaryComponents":false,"strictCompatibility":false,"locales":[],"targetApplications":[{"id":"{ec8030f7-c20a-464f-9b0e-13a3a9e97384}","minVersion":"58.0.2","maxVersion":"58.*"}],"targetPlatforms":[],"multiprocessCompatible":true,"seen":true,"dependencies":[],"hasEmbeddedWebExtension":false,"mpcOptedOut":false,"userPermissions":null,"icons":{},"iconURL":null,"icon64URL":null,"blocklistState":0,"blocklistURL":null,"startupData":null}
1519075445697	addons.xpi	DEBUG	Updating XPIState for {"id":"followonsearch@mozilla.com","syncGUID":"{34e108bd-336d-4213-9f8a-6ac6647631a4}","location":"app-system-defaults","version":"0.9.6","type":"extension","internalName":null,"updateURL":null,"updateKey":null,"optionsURL":null,"optionsType":null,"aboutURL":null,"defaultLocale":{"name":"Follow-on Search Telemetry","description":null,"creator":null,"homepageURL":null},"visible":true,"active":true,"userDisabled":false,"appDisabled":false,"installDate":1518267126526,"updateDate":1518267126526,"applyBackgroundUpdates":1,"bootstrap":true,"path":"C:\\Program Files (x86)\\Mozilla Firefox\\browser\\features\\followonsearch@mozilla.com.xpi","skinnable":false,"size":18625,"sourceURI":null,"releaseNotesURI":null,"softDisabled":false,"foreignInstall":false,"hasBinaryComponents":false,"strictCompatibility":false,"locales":[],"targetApplications":[{"id":"{ec8030f7-c20a-464f-9b0e-13a3a9e97384}","minVersion":"52.0","maxVersion":"59.*"}],"targetPlatforms":[],"multiprocessCompatible":true,"seen":true,"dependencies":[],"hasEmbeddedWebExtension":false,"mpcOptedOut":false,"userPermissions":null,"icons":{},"iconURL":null,"icon64URL":null,"blocklistState":0,"blocklistURL":null,"startupData":null}
1519075445697	addons.xpi	DEBUG	Updating XPIState for {"id":"formautofill@mozilla.org","syncGUID":"{756267e5-026a-4271-83bd-e421a4330d68}","location":"app-system-defaults","version":"1.0","type":"extension","internalName":null,"updateURL":null,"updateKey":null,"optionsURL":null,"optionsType":null,"aboutURL":null,"defaultLocale":{"name":"Form Autofill","description":"Autofill forms with saved profiles","creator":null,"homepageURL":null},"visible":true,"active":true,"userDisabled":false,"appDisabled":false,"installDate":1518642970050,"updateDate":1518642970050,"applyBackgroundUpdates":1,"bootstrap":true,"path":"C:\\Program Files (x86)\\Mozilla Firefox\\browser\\features\\formautofill@mozilla.org.xpi","skinnable":false,"size":418452,"sourceURI":null,"releaseNotesURI":null,"softDisabled":false,"foreignInstall":false,"hasBinaryComponents":false,"strictCompatibility":false,"locales":[],"targetApplications":[{"id":"{ec8030f7-c20a-464f-9b0e-13a3a9e97384}","minVersion":"58.0.2","maxVersion":"58.*"}],"targetPlatforms":[],"multiprocessCompatible":true,"seen":true,"dependencies":[],"hasEmbeddedWebExtension":false,"mpcOptedOut":false,"userPermissions":null,"icons":{},"iconURL":null,"icon64URL":null,"blocklistState":0,"blocklistURL":null,"startupData":null}
1519075445698	addons.xpi	DEBUG	Updating XPIState for {"id":"onboarding@mozilla.org","syncGUID":"{299a1bcd-be24-4b82-9c9c-be456edd1ebd}","location":"app-system-defaults","version":"1.0","type":"extension","internalName":null,"updateURL":null,"updateKey":null,"optionsURL":null,"optionsType":null,"aboutURL":null,"defaultLocale":{"name":"Photon onboarding","description":"Photon onboarding","creator":null,"homepageURL":null},"visible":true,"active":true,"userDisabled":false,"appDisabled":false,"installDate":1518642969981,"updateDate":1518642969981,"applyBackgroundUpdates":1,"bootstrap":true,"path":"C:\\Program Files (x86)\\Mozilla Firefox\\browser\\features\\onboarding@mozilla.org.xpi","skinnable":false,"size":541753,"sourceURI":null,"releaseNotesURI":null,"softDisabled":false,"foreignInstall":false,"hasBinaryComponents":false,"strictCompatibility":false,"locales":[],"targetApplications":[{"id":"{ec8030f7-c20a-464f-9b0e-13a3a9e97384}","minVersion":"58.0.2","maxVersion":"58.*"}],"targetPlatforms":[],"multiprocessCompatible":true,"seen":true,"dependencies":[],"hasEmbeddedWebExtension":false,"mpcOptedOut":false,"userPermissions":null,"icons":{},"iconURL":null,"icon64URL":null,"blocklistState":0,"blocklistURL":null,"startupData":null}
1519075445698	addons.xpi	DEBUG	Updating XPIState for {"id":"screenshots@mozilla.org","syncGUID":"{b7168471-d7cf-4571-a5ea-f4709a018750}","location":"app-system-defaults","version":"25.0.0","type":"extension","internalName":null,"updateURL":null,"updateKey":null,"optionsURL":null,"optionsType":null,"aboutURL":null,"defaultLocale":{"name":"Firefox Screenshots","description":null,"creator":null,"homepageURL":"https://screenshots.firefox.com/"},"visible":true,"active":true,"userDisabled":false,"appDisabled":false,"installDate":1518267126437,"updateDate":1518267126437,"applyBackgroundUpdates":1,"bootstrap":true,"path":"C:\\Program Files (x86)\\Mozilla Firefox\\browser\\features\\screenshots@mozilla.org.xpi","skinnable":false,"size":994512,"sourceURI":null,"releaseNotesURI":null,"softDisabled":false,"foreignInstall":false,"hasBinaryComponents":false,"strictCompatibility":false,"locales":[],"targetApplications":[{"id":"{ec8030f7-c20a-464f-9b0e-13a3a9e97384}","minVersion":"57.0a1","maxVersion":"*"}],"targetPlatforms":[],"multiprocessCompatible":true,"seen":true,"dependencies":[],"hasEmbeddedWebExtension":false,"mpcOptedOut":false,"userPermissions":null,"icons":{},"iconURL":null,"icon64URL":null,"blocklistState":0,"blocklistURL":null,"startupData":null}
1519075445698	addons.xpi	DEBUG	Updating XPIState for {"id":"shield-recipe-client@mozilla.org","syncGUID":"{2bd4464f-82bf-43e9-be90-9685e74809b5}","location":"app-system-defaults","version":"76.1","type":"extension","internalName":null,"updateURL":null,"updateKey":null,"optionsURL":null,"optionsType":null,"aboutURL":null,"defaultLocale":{"name":"Shield Recipe Client","description":"Client to download and run recipes for SHIELD, Heartbeat, etc.","creator":null,"homepageURL":null},"visible":true,"active":true,"userDisabled":false,"appDisabled":false,"installDate":1518642969918,"updateDate":1518642969918,"applyBackgroundUpdates":1,"bootstrap":true,"path":"C:\\Program Files (x86)\\Mozilla Firefox\\browser\\features\\shield-recipe-client@mozilla.org.xpi","skinnable":false,"size":364001,"sourceURI":null,"releaseNotesURI":null,"softDisabled":false,"foreignInstall":false,"hasBinaryComponents":false,"strictCompatibility":false,"locales":[],"targetApplications":[{"id":"{ec8030f7-c20a-464f-9b0e-13a3a9e97384}","minVersion":"58.0.2","maxVersion":"58.*"}],"targetPlatforms":[],"multiprocessCompatible":true,"seen":true,"dependencies":[],"hasEmbeddedWebExtension":false,"mpcOptedOut":false,"userPermissions":null,"icons":{},"iconURL":null,"icon64URL":null,"blocklistState":0,"blocklistURL":null,"startupData":null}
1519075445699	addons.xpi	DEBUG	Updating XPIState for {"id":"webcompat@mozilla.org","syncGUID":"{d7205861-0f07-4ccd-93ad-a82b1d7a2a24}","location":"app-system-defaults","version":"1.1","type":"extension","internalName":null,"updateURL":null,"updateKey":null,"optionsURL":null,"optionsType":null,"aboutURL":null,"defaultLocale":{"name":"Web Compat","description":"Urgent post-release fixes for web compatibility.","creator":null,"homepageURL":null},"visible":true,"active":true,"userDisabled":false,"appDisabled":false,"installDate":1518642969881,"updateDate":1518642969881,"applyBackgroundUpdates":1,"bootstrap":true,"path":"C:\\Program Files (x86)\\Mozilla Firefox\\browser\\features\\webcompat@mozilla.org.xpi","skinnable":false,"size":9268,"sourceURI":null,"releaseNotesURI":null,"softDisabled":false,"foreignInstall":false,"hasBinaryComponents":false,"strictCompatibility":false,"locales":[],"targetApplications":[{"id":"{ec8030f7-c20a-464f-9b0e-13a3a9e97384}","minVersion":"58.0.2","maxVersion":"58.*"}],"targetPlatforms":[],"multiprocessCompatible":true,"seen":true,"dependencies":[],"hasEmbeddedWebExtension":false,"mpcOptedOut":false,"userPermissions":null,"icons":{},"iconURL":null,"icon64URL":null,"blocklistState":0,"blocklistURL":null,"startupData":null}
1519075445699	addons.xpi	DEBUG	Updating XPIState for {"id":"{972ce4c6-7e08-4474-a285-3208198ce6fd}","syncGUID":"{38f2577f-80f4-4560-a12b-2f14ecdc604f}","location":"app-global","version":"58.0.2","type":"theme","internalName":"classic/1.0","updateURL":null,"updateKey":null,"optionsURL":null,"optionsType":null,"optionsBrowserStyle":null,"aboutURL":null,"defaultLocale":{"name":"Default","description":"The default theme.","creator":"Mozilla","homepageURL":null,"contributors":["Mozilla Contributors"]},"visible":true,"active":true,"userDisabled":false,"appDisabled":false,"installDate":1518642970398,"updateDate":1518642970398,"applyBackgroundUpdates":1,"path":"C:\\Program Files (x86)\\Mozilla Firefox\\browser\\extensions\\{972ce4c6-7e08-4474-a285-3208198ce6fd}.xpi","skinnable":true,"size":3206,"sourceURI":null,"releaseNotesURI":null,"softDisabled":false,"foreignInstall":false,"hasBinaryComponents":false,"strictCompatibility":true,"locales":[],"targetApplications":[{"id":"{ec8030f7-c20a-464f-9b0e-13a3a9e97384}","minVersion":"58.0.2","maxVersion":"58.0.2"}],"targetPlatforms":[],"seen":true,"dependencies":[],"hasEmbeddedWebExtension":false,"userPermissions":null,"icons":{},"iconURL":"chrome://browser/content/default-theme-icon.svg","icon64URL":null,"blocklistState":0,"blocklistURL":null,"startupData":null}
1519075445699	addons.xpi	DEBUG	Updating database with changes to installed add-ons
1519075445699	addons.xpi-utils	DEBUG	Updating add-on states
1519075445708	addons.xpi	DEBUG	Registering manifest for C:\Program Files (x86)\Mozilla Firefox\browser\features\activity-stream@mozilla.org.xpi
1519075445711	addons.xpi	DEBUG	Calling bootstrap method startup on activity-stream@mozilla.org version 2018.01.04.0062-4997c81d
1519075445712	addons.xpi	DEBUG	Registering manifest for C:\Program Files (x86)\Mozilla Firefox\browser\features\aushelper@mozilla.org.xpi
1519075445713	addons.xpi	DEBUG	Calling bootstrap method startup on aushelper@mozilla.org version 2.0
1519075445716	addons.xpi	DEBUG	Registering manifest for C:\Program Files (x86)\Mozilla Firefox\browser\features\firefox@getpocket.com.xpi
1519075445717	addons.xpi	DEBUG	Calling bootstrap method startup on firefox@getpocket.com version 1.0.5
1519075445756	addons.xpi	DEBUG	Registering manifest for C:\Program Files (x86)\Mozilla Firefox\browser\features\followonsearch@mozilla.com.xpi
1519075445758	addons.xpi	DEBUG	Calling bootstrap method startup on followonsearch@mozilla.com version 0.9.6
1519075445759	addons.xpi	DEBUG	Registering manifest for C:\Program Files (x86)\Mozilla Firefox\browser\features\formautofill@mozilla.org.xpi
1519075445761	addons.xpi	DEBUG	Calling bootstrap method startup on formautofill@mozilla.org version 1.0
1519075445762	addons.xpi	DEBUG	Registering manifest for C:\Program Files (x86)\Mozilla Firefox\browser\features\onboarding@mozilla.org.xpi
1519075445763	addons.xpi	DEBUG	Calling bootstrap method startup on onboarding@mozilla.org version 1.0
1519075445764	addons.xpi	DEBUG	Registering manifest for C:\Program Files (x86)\Mozilla Firefox\browser\features\screenshots@mozilla.org.xpi
1519075445765	addons.xpi	DEBUG	Calling bootstrap method startup on screenshots@mozilla.org version 25.0.0
1519075445766	addons.xpi	DEBUG	Registering manifest for C:\Program Files (x86)\Mozilla Firefox\browser\features\shield-recipe-client@mozilla.org.xpi
1519075445767	addons.xpi	DEBUG	Calling bootstrap method startup on shield-recipe-client@mozilla.org version 76.1
1519075445786	addons.xpi	DEBUG	Registering manifest for C:\Program Files (x86)\Mozilla Firefox\browser\features\webcompat@mozilla.org.xpi
1519075445787	addons.xpi	DEBUG	Calling bootstrap method startup on webcompat@mozilla.org version 1.1
1519075445796	addons.manager	DEBUG	Registering shutdown blocker for XPIProvider
1519075445796	addons.manager	DEBUG	Provider finished startup: XPIProvider
1519075445796	addons.manager	DEBUG	Starting provider: LightweightThemeManager
1519075445797	addons.manager	DEBUG	Registering shutdown blocker for LightweightThemeManager
1519075445797	addons.manager	DEBUG	Provider finished startup: LightweightThemeManager
1519075445798	addons.manager	DEBUG	Starting provider: GMPProvider
1519075445820	addons.manager	DEBUG	Registering shutdown blocker for GMPProvider
1519075445820	addons.manager	DEBUG	Provider finished startup: GMPProvider
1519075445821	addons.manager	DEBUG	Starting provider: PluginProvider
1519075445821	addons.manager	DEBUG	Registering shutdown blocker for PluginProvider
1519075445822	addons.manager	DEBUG	Provider finished startup: PluginProvider
1519075445823	addons.manager	DEBUG	Completed startup sequence
1519075446695	Marionette	INFO	Enabled via --marionette
1519075447336	addons.manager	DEBUG	Starting provider: PreviousExperimentProvider
1519075447337	addons.manager	DEBUG	Registering shutdown blocker for PreviousExperimentProvider
1519075447338	addons.manager	DEBUG	Provider finished startup: PreviousExperimentProvider
1519075450727	addons.xpi-utils	DEBUG	XPI Database saved, setting schema version preference to 23
1519075452092	addons.xpi	INFO	Mapping activity-stream@mozilla.org to C:\Program Files (x86)\Mozilla Firefox\browser\features\activity-stream@mozilla.org.xpi
1519075452092	addons.xpi	INFO	Mapping aushelper@mozilla.org to C:\Program Files (x86)\Mozilla Firefox\browser\features\aushelper@mozilla.org.xpi
1519075452092	addons.xpi	INFO	Mapping firefox@getpocket.com to C:\Program Files (x86)\Mozilla Firefox\browser\features\firefox@getpocket.com.xpi
1519075452093	addons.xpi	INFO	Mapping followonsearch@mozilla.com to C:\Program Files (x86)\Mozilla Firefox\browser\features\followonsearch@mozilla.com.xpi
1519075452093	addons.xpi	INFO	Mapping formautofill@mozilla.org to C:\Program Files (x86)\Mozilla Firefox\browser\features\formautofill@mozilla.org.xpi
1519075452093	addons.xpi	INFO	Mapping onboarding@mozilla.org to C:\Program Files (x86)\Mozilla Firefox\browser\features\onboarding@mozilla.org.xpi
1519075452093	addons.xpi	INFO	Mapping screenshots@mozilla.org to C:\Program Files (x86)\Mozilla Firefox\browser\features\screenshots@mozilla.org.xpi
1519075452094	addons.xpi	INFO	Mapping shield-recipe-client@mozilla.org to C:\Program Files (x86)\Mozilla Firefox\browser\features\shield-recipe-client@mozilla.org.xpi
1519075452094	addons.xpi	INFO	Mapping webcompat@mozilla.org to C:\Program Files (x86)\Mozilla Firefox\browser\features\webcompat@mozilla.org.xpi
1519075452095	addons.xpi	DEBUG	Existing add-on activity-stream@mozilla.org in app-system-defaults
1519075452096	addons.xpi	DEBUG	Existing add-on aushelper@mozilla.org in app-system-defaults
1519075452097	addons.xpi	DEBUG	Existing add-on firefox@getpocket.com in app-system-defaults
1519075452098	addons.xpi	DEBUG	Existing add-on followonsearch@mozilla.com in app-system-defaults
1519075452099	addons.xpi	DEBUG	Existing add-on formautofill@mozilla.org in app-system-defaults
1519075452099	addons.xpi	DEBUG	Existing add-on onboarding@mozilla.org in app-system-defaults
1519075452100	addons.xpi	DEBUG	Existing add-on screenshots@mozilla.org in app-system-defaults
1519075452101	addons.xpi	DEBUG	Existing add-on shield-recipe-client@mozilla.org in app-system-defaults
1519075452102	addons.xpi	DEBUG	Existing add-on webcompat@mozilla.org in app-system-defaults
1519075452103	addons.xpi	INFO	Mapping {972ce4c6-7e08-4474-a285-3208198ce6fd} to C:\Program Files (x86)\Mozilla Firefox\browser\extensions\{972ce4c6-7e08-4474-a285-3208198ce6fd}.xpi
1519075452104	addons.xpi	DEBUG	Existing add-on {972ce4c6-7e08-4474-a285-3208198ce6fd} in app-global
1519075452104	addons.xpi	DEBUG	getInstallState changed: false, state: {}
1519075454061	Marionette	INFO	Listening on port 50818
1519075454271	Marionette	WARN	TLS certificate errors will be ignored for this session
1519075461919	addons.xpi	DEBUG	Calling bootstrap method shutdown on webcompat@mozilla.org version 1.1
1519075461920	addons.xpi	DEBUG	Calling bootstrap method shutdown on shield-recipe-client@mozilla.org version 76.1
1519075461923	addons.xpi	DEBUG	Calling bootstrap method shutdown on screenshots@mozilla.org version 25.0.0
1519075461936	addons.xpi	DEBUG	Calling bootstrap method shutdown on onboarding@mozilla.org version 1.0
1519075461938	addons.xpi	DEBUG	Calling bootstrap method shutdown on formautofill@mozilla.org version 1.0
1519075461939	addons.xpi	DEBUG	Calling bootstrap method shutdown on followonsearch@mozilla.com version 0.9.6
1519075461941	addons.xpi	DEBUG	Calling bootstrap method shutdown on firefox@getpocket.com version 1.0.5
1519075461943	addons.xpi	DEBUG	Calling bootstrap method shutdown on aushelper@mozilla.org version 2.0
1519075461944	addons.xpi	DEBUG	Calling bootstrap method shutdown on activity-stream@mozilla.org version 2018.01.04.0062-4997c81d
Unable to read VR Path Registry from C:\Users\Tanvish\AppData\Local\openvr\openvrpaths.vrpath
[Parent 1576, Gecko_IOThread] WARNING: pipe error: 109: file z:/build/build/src/ipc/chromium/src/chrome/common/ipc_channel_win.cc, line 346
Unable to read VR Path Registry from C:\Users\Tanvish\AppData\Local\openvr\openvrpaths.vrpath
[Child 9420, Chrome_ChildThread] WARNING: pipe error: 109: file z:/build/build/src/ipc/chromium/src/chrome/common/ipc_channel_win.cc, line 346
[Child 9420, Chrome_ChildThread] WARNING: pipe error: 109: file z:/build/build/src/ipc/chromium/src/chrome/common/ipc_channel_win.cc, line 346
Unable to read VR Path Registry from C:\Users\Tanvish\AppData\Local\openvr\openvrpaths.vrpath
[Child 7268, Chrome_ChildThread] WARNING: pipe error: 109: file z:/build/build/src/ipc/chromium/src/chrome/common/ipc_channel_win.cc, line 464
